0 info it worked if it ends with ok
1 verbose cli [ '/usr/local/bin/node',
1 verbose cli   '/usr/local/bin/npm',
1 verbose cli   'i',
1 verbose cli   'fis-optimizer-html-minifier',
1 verbose cli   '[-g]' ]
2 info using npm@3.10.10
3 info using node@v6.10.0
4 verbose config Skipping project config: /Users/yao/.npmrc. (matches userconfig)
5 silly loadCurrentTree Starting
6 silly install loadCurrentTree
7 silly install readLocalPackageData
8 silly fetchPackageMetaData fis-optimizer-html-minifier
9 silly fetchPackageMetaData [-g]
10 silly fetchNamedPackageData fis-optimizer-html-minifier
11 silly mapToRegistry name fis-optimizer-html-minifier
12 silly mapToRegistry using default registry
13 silly mapToRegistry registry https://registry.npmjs.org/
14 silly mapToRegistry data Result {
14 silly mapToRegistry   raw: 'fis-optimizer-html-minifier',
14 silly mapToRegistry   scope: null,
14 silly mapToRegistry   escapedName: 'fis-optimizer-html-minifier',
14 silly mapToRegistry   name: 'fis-optimizer-html-minifier',
14 silly mapToRegistry   rawSpec: '',
14 silly mapToRegistry   spec: 'latest',
14 silly mapToRegistry   type: 'tag' }
15 silly mapToRegistry uri https://registry.npmjs.org/fis-optimizer-html-minifier
16 silly fetchOtherPackageData [-g]
17 silly cache add args [ '[-g]', null ]
18 verbose cache add spec [-g]
19 verbose request uri https://registry.npmjs.org/fis-optimizer-html-minifier
20 verbose request no auth needed
21 info attempt registry request try #1 at 08:52:30
22 verbose request id 0f54d3fc7dbdd238
23 http request GET https://registry.npmjs.org/fis-optimizer-html-minifier
24 silly cache add parsed spec Result {
24 silly cache add   raw: '[-g]',
24 silly cache add   scope: null,
24 silly cache add   escapedName: null,
24 silly cache add   name: null,
24 silly cache add   rawSpec: '[-g]',
24 silly cache add   spec: '/Users/yao/Desktop/demo-simple/src/[-g]',
24 silly cache add   type: 'local' }
25 error addLocal Could not install /Users/yao/Desktop/demo-simple/src/[-g]
26 silly fetchPackageMetaData Error: ENOENT: no such file or directory, open '/Users/yao/Desktop/demo-simple/src/[-g]'
26 silly fetchPackageMetaData     at Error (native)
26 silly fetchPackageMetaData  error for [-g] { Error: ENOENT: no such file or directory, open '/Users/yao/Desktop/demo-simple/src/[-g]'
26 silly fetchPackageMetaData     at Error (native)
26 silly fetchPackageMetaData   errno: -2,
26 silly fetchPackageMetaData   code: 'ENOENT',
26 silly fetchPackageMetaData   syscall: 'open',
26 silly fetchPackageMetaData   path: '/Users/yao/Desktop/demo-simple/src/[-g]' }
27 http 200 https://registry.npmjs.org/fis-optimizer-html-minifier
28 verbose headers { server: 'nginx/1.10.1',
28 verbose headers   'content-type': 'application/json',
28 verbose headers   'last-modified': 'Wed, 09 Jul 2014 10:52:04 GMT',
28 verbose headers   etag: 'W/"53bd1ed4-26a6"',
28 verbose headers   'content-encoding': 'gzip',
28 verbose headers   'cache-control': 'max-age=300',
28 verbose headers   'content-length': '1198',
28 verbose headers   'accept-ranges': 'bytes',
28 verbose headers   date: 'Tue, 28 Mar 2017 00:52:30 GMT',
28 verbose headers   via: '1.1 varnish',
28 verbose headers   age: '0',
28 verbose headers   connection: 'keep-alive',
28 verbose headers   'x-served-by': 'cache-nrt6128-NRT',
28 verbose headers   'x-cache': 'MISS',
28 verbose headers   'x-cache-hits': '0',
28 verbose headers   'x-timer': 'S1490662350.750584,VS0,VE148',
28 verbose headers   vary: 'Accept-Encoding' }
29 silly get cb [ 200,
29 silly get   { server: 'nginx/1.10.1',
29 silly get     'content-type': 'application/json',
29 silly get     'last-modified': 'Wed, 09 Jul 2014 10:52:04 GMT',
29 silly get     etag: 'W/"53bd1ed4-26a6"',
29 silly get     'content-encoding': 'gzip',
29 silly get     'cache-control': 'max-age=300',
29 silly get     'content-length': '1198',
29 silly get     'accept-ranges': 'bytes',
29 silly get     date: 'Tue, 28 Mar 2017 00:52:30 GMT',
29 silly get     via: '1.1 varnish',
29 silly get     age: '0',
29 silly get     connection: 'keep-alive',
29 silly get     'x-served-by': 'cache-nrt6128-NRT',
29 silly get     'x-cache': 'MISS',
29 silly get     'x-cache-hits': '0',
29 silly get     'x-timer': 'S1490662350.750584,VS0,VE148',
29 silly get     vary: 'Accept-Encoding' } ]
30 verbose get saving fis-optimizer-html-minifier to /Users/yao/.npm/registry.npmjs.org/fis-optimizer-html-minifier/.cache.json
31 verbose correctMkdir /Users/yao/.npm correctMkdir not in flight; initializing
32 silly rollbackFailedOptional Starting
33 silly rollbackFailedOptional Finishing
34 silly runTopLevelLifecycles Finishing
35 silly install printInstalled
36 verbose stack Error: ENOENT: no such file or directory, open '/Users/yao/Desktop/demo-simple/src/[-g]'
36 verbose stack     at Error (native)
37 verbose cwd /Users/yao/Desktop/demo-simple/src
38 error Darwin 16.5.0
39 error argv "/usr/local/bin/node" "/usr/local/bin/npm" "i" "fis-optimizer-html-minifier" "[-g]"
40 error node v6.10.0
41 error npm  v3.10.10
42 error path /Users/yao/Desktop/demo-simple/src/[-g]
43 error code ENOENT
44 error errno -2
45 error syscall open
46 error enoent ENOENT: no such file or directory, open '/Users/yao/Desktop/demo-simple/src/[-g]'
47 error enoent ENOENT: no such file or directory, open '/Users/yao/Desktop/demo-simple/src/[-g]'
47 error enoent This is most likely not a problem with npm itself
47 error enoent and is related to npm not being able to find a file.
48 verbose exit [ -2, true ]
